 
****************************************
Report : area
Design : Top_PartiallyParallel_FIR
Version: J-2014.09
Date   : Wed Nov 13 14:47:42 2019
****************************************

Library(s) Used:

    tcbn90gtc (File: /afs/it.kth.se/pkg/synopsys/extra_libraries/standard_cell/TSMC/tcbn90g_110a/Front_End/timing_power/tcbn90g_110a/tcbn90gtc.db)

Number of ports:                           38
Number of nets:                           110
Number of cells:                           28
Number of combinational cells:             24
Number of sequential cells:                 0
Number of macros/black boxes:               0
Number of buf/inv:                          0
Number of references:                       5

Combinational area:               6047.999989
Buf/Inv area:                      152.409599
Noncombinational area:            3934.425682
Macro/Black Box area:                0.000000
Net Interconnect area:      undefined  (Wire load has zero net area)

Total cell area:                  9982.425671
Total area:                 undefined
1
