Loading db file '/afs/it.kth.se/pkg/synopsys/extra_libraries/standard_cell/TSMC/tcbn90g_110a/Front_End/timing_power/tcbn90g_110a/tcbn90gtc.db'
Information: Propagating switching activity (low effort zero delay simulation). (PWR-6)
Warning: Design has unannotated primary inputs. (PWR-414)
Warning: Design has unannotated sequential cell outputs. (PWR-415)
 
****************************************
Report : power
        -analysis_effort low
Design : FIR_Toplevel_4_5
Version: J-2014.09
Date   : Wed Nov 13 18:03:04 2019
****************************************


Library(s) Used:

    tcbn90gtc (File: /afs/it.kth.se/pkg/synopsys/extra_libraries/standard_cell/TSMC/tcbn90g_110a/Front_End/timing_power/tcbn90g_110a/tcbn90gtc.db)


Operating Conditions: NCCOM   Library: tcbn90gtc
Wire Load Model Mode: top

Design        Wire Load Model            Library
------------------------------------------------
FIR_Toplevel_4_5       TSMC8K_Lowk_Conservative
                                         tcbn90gtc


Global Operating Voltage = 1    
Power-specific unit information :
    Voltage Units = 1V
    Capacitance Units = 1.000000pf
    Time Units = 1ns
    Dynamic Power Units = 1mW    (derived from V,C,T units)
    Leakage Power Units = 1nW


  Cell Internal Power  = 339.7601 uW   (93%)
  Net Switching Power  =  27.1202 uW    (7%)
                         ---------
Total Dynamic Power    = 366.8803 uW  (100%)

Cell Leakage Power     =   8.0754 uW


                 Internal         Switching           Leakage            Total
Power Group      Power            Power               Power              Power   (   %    )  Attrs
--------------------------------------------------------------------------------------------------
io_pad             0.0000            0.0000            0.0000            0.0000  (   0.00%)
memory             0.0000            0.0000            0.0000            0.0000  (   0.00%)
black_box          0.0000            0.0000            0.0000            0.0000  (   0.00%)
clock_network      0.0000            0.0000            0.0000            0.0000  (   0.00%)
register           0.3215        5.3452e-03        2.9726e+03            0.3298  (  87.95%)
sequential     5.2511e-03        2.4180e-04          508.3943        6.0013e-03  (   1.60%)
combinational  1.3047e-02        2.1533e-02        4.5945e+03        3.9175e-02  (  10.45%)
--------------------------------------------------------------------------------------------------
Total              0.3398 mW     2.7120e-02 mW     8.0754e+03 nW         0.3750 mW
1
