Loading db file '/afs/it.kth.se/pkg/synopsys/extra_libraries/standard_cell/TSMC/tcbn90g_110a/Front_End/timing_power/tcbn90g_110a/tcbn90gtc.db'
Information: Propagating switching activity (low effort zero delay simulation). (PWR-6)
Warning: The derived toggle rate value (0.400000) for the clock net 'clk' conflicts with the annotated value (0.200602). Using the annotated value. (PWR-12)
Warning: Design has unannotated primary inputs. (PWR-414)
Warning: Design has unannotated sequential cell outputs. (PWR-415)
 
****************************************
Report : power
        -analysis_effort low
Design : FIR_Toplevel_5
Version: J-2014.09
Date   : Thu Nov 14 12:36:27 2019
****************************************


Library(s) Used:

    tcbn90gtc (File: /afs/it.kth.se/pkg/synopsys/extra_libraries/standard_cell/TSMC/tcbn90g_110a/Front_End/timing_power/tcbn90g_110a/tcbn90gtc.db)


Operating Conditions: NCCOM   Library: tcbn90gtc
Wire Load Model Mode: segmented

Design        Wire Load Model            Library
------------------------------------------------
FIR_Toplevel_5         TSMC8K_Lowk_Conservative
                                         tcbn90gtc
Delayline_CB           ZeroWireload      tcbn90gtc
FIR_Processor          ZeroWireload      tcbn90gtc
ROM_Process            ZeroWireload      tcbn90gtc
SRAM                   ZeroWireload      tcbn90gtc
Delayline_CB_DW01_inc_0
                       ZeroWireload      tcbn90gtc
Delayline_CB_DW01_dec_0
                       ZeroWireload      tcbn90gtc
FIR_Processor_DW01_dec_0
                       ZeroWireload      tcbn90gtc
FIR_Processor_DW_mult_uns_0
                       ZeroWireload      tcbn90gtc
FIR_Processor_DW01_add_0
                       ZeroWireload      tcbn90gtc


Global Operating Voltage = 1    
Power-specific unit information :
    Voltage Units = 1V
    Capacitance Units = 1.000000pf
    Time Units = 1ns
    Dynamic Power Units = 1mW    (derived from V,C,T units)
    Leakage Power Units = 1nW


  Cell Internal Power  = 201.9667 uW   (92%)
  Net Switching Power  =  17.7833 uW    (8%)
                         ---------
Total Dynamic Power    = 219.7500 uW  (100%)

Cell Leakage Power     =   9.1144 uW


                 Internal         Switching           Leakage            Total
Power Group      Power            Power               Power              Power   (   %    )  Attrs
--------------------------------------------------------------------------------------------------
io_pad             0.0000            0.0000            0.0000            0.0000  (   0.00%)
memory             0.0000            0.0000            0.0000            0.0000  (   0.00%)
black_box          0.0000            0.0000            0.0000            0.0000  (   0.00%)
clock_network      0.0000            0.0000            0.0000            0.0000  (   0.00%)
register           0.1818        3.7414e-03        3.5326e+03            0.1891  (  82.61%)
sequential     2.3560e-03        2.3707e-04          509.4231        3.1025e-03  (   1.36%)
combinational  1.7810e-02        1.3805e-02        5.0724e+03        3.6687e-02  (  16.03%)
--------------------------------------------------------------------------------------------------
Total              0.2020 mW     1.7783e-02 mW     9.1144e+03 nW         0.2289 mW
1
