 
****************************************
Report : cell
Design : FIR_Toplevel_4_5
Version: J-2014.09
Date   : Mon Nov 11 17:17:23 2019
****************************************

Attributes:
    b - black box (unknown)
    h - hierarchical
    n - noncombinational
    r - removable
    u - contains unmapped logic

Cell                      Reference       Library             Area  Attributes
--------------------------------------------------------------------------------
U_delayline               Delayline_CB                    2773.209641
                                                                    h, n
u_FIRP                    FIR_Processor                   1703.116809
                                                                    h, n
u_ROM                     ROM_Process                     16.128000 h
--------------------------------------------------------------------------------
Total 3 cells                                             4492.454450
1
